[15/Nov/2022 13:58:52] INFO [logger_info:16] *************** Test_001_Login *****************
[15/Nov/2022 13:58:52] INFO [logger_info:17] ****Started Home page title test ****
[15/Nov/2022 13:58:52] INFO [logger_info:18] Welcome web application
[15/Nov/2022 13:58:55] INFO [logger_info:22] **** Home page title test passed ****
[15/Nov/2022 13:58:55] INFO [logger_info:48] ****Started Login Test****
[15/Nov/2022 17:20:44] INFO [logger_info:17] *************** Test_001_Login *****************
[15/Nov/2022 17:20:44] INFO [logger_info:18] ****Started Home page title test ****
[15/Nov/2022 17:20:44] INFO [logger_info:19] Welcome web application
[15/Nov/2022 17:20:47] INFO [logger_info:23] **** Home page title test passed ****
[15/Nov/2022 17:20:47] INFO [logger_info:33] ****Started Login Test****
[15/Nov/2022 17:21:13] INFO [logger_info:17] *************** Test_001_Login *****************
[15/Nov/2022 17:21:13] INFO [logger_info:18] ****Started Home page title test ****
[15/Nov/2022 17:21:13] INFO [logger_info:19] Welcome web application
[15/Nov/2022 17:21:15] INFO [logger_info:23] **** Home page title test passed ****
[15/Nov/2022 17:21:15] INFO [logger_info:33] ****Started Login Test****
[15/Nov/2022 17:21:18] INFO [logger_info:17] *************** Test_001_Login *****************
[15/Nov/2022 17:21:18] INFO [logger_info:18] ****Started Home page title test ****
[15/Nov/2022 17:21:18] INFO [logger_info:19] Welcome web application
[15/Nov/2022 17:21:35] INFO [logger_info:17] *************** Test_001_Login *****************
[15/Nov/2022 17:21:35] INFO [logger_info:18] ****Started Home page title test ****
[15/Nov/2022 17:21:35] INFO [logger_info:19] Welcome web application
[15/Nov/2022 17:21:48] INFO [logger_info:17] *************** Test_001_Login *****************
[15/Nov/2022 17:21:48] INFO [logger_info:18] ****Started Home page title test ****
[15/Nov/2022 17:21:48] INFO [logger_info:19] Welcome web application
[15/Nov/2022 17:21:49] INFO [logger_info:23] **** Home page title test passed ****
[15/Nov/2022 17:21:49] INFO [logger_info:33] ****Started Login Test****
[15/Nov/2022 17:22:53] INFO [logger_info:17] *************** Test_001_Login *****************
[15/Nov/2022 17:22:53] INFO [logger_info:18] ****Started Home page title test ****
[15/Nov/2022 17:22:53] INFO [logger_info:19] Welcome web application
[15/Nov/2022 17:22:54] INFO [logger_info:23] **** Home page title test passed ****
[15/Nov/2022 17:22:54] INFO [logger_info:33] ****Started Login Test****
[15/Nov/2022 17:22:55] INFO [logger_info:17] *************** Test_001_Login *****************
[15/Nov/2022 17:22:55] INFO [logger_info:18] ****Started Home page title test ****
[15/Nov/2022 17:22:55] INFO [logger_info:19] Welcome web application
[15/Nov/2022 17:22:55] INFO [logger_info:23] **** Home page title test passed ****
[15/Nov/2022 17:22:55] INFO [logger_info:41] ****Started Login Test****
[15/Nov/2022 17:22:55] INFO [logger_info:17] *************** Test_001_Login *****************
[15/Nov/2022 17:22:55] INFO [logger_info:18] ****Started Home page title test ****
[15/Nov/2022 17:22:55] INFO [logger_info:19] Welcome web application
[15/Nov/2022 17:22:55] INFO [logger_info:23] **** Home page title test passed ****
[15/Nov/2022 17:22:55] INFO [logger_info:48] ****Started Login Test****
[15/Nov/2022 17:23:32] INFO [logger_info:17] *************** Test_001_Login *****************
[15/Nov/2022 17:23:32] INFO [logger_info:18] ****Started Home page title test ****
[15/Nov/2022 17:23:32] INFO [logger_info:19] Welcome web application
[15/Nov/2022 17:23:33] INFO [logger_info:23] **** Home page title test passed ****
[15/Nov/2022 17:23:33] INFO [logger_info:33] ****Started Login Test****
[15/Nov/2022 17:24:43] INFO [logger_info:16] ****Started Login Test****
[15/Nov/2022 17:25:15] INFO [logger_info:16] ****Started Login Test****
[15/Nov/2022 17:25:16] INFO [logger_info:25] ****Started Login Test****
[15/Nov/2022 17:25:17] INFO [logger_info:33] ****Started Login Test****
[15/Nov/2022 17:26:19] INFO [logger_info:16] ****Started Login Test****
[15/Nov/2022 17:26:21] INFO [logger_info:25] ****Started Login Test****
[15/Nov/2022 17:27:19] INFO [logger_info:16] ****Started Login Test****
[15/Nov/2022 17:27:20] INFO [logger_info:25] ****Started Login Test****
[15/Nov/2022 17:28:23] INFO [logger_info:17] *************** Test_001_Login *****************
[15/Nov/2022 17:28:23] INFO [logger_info:18] ****Started Home page title test ****
[15/Nov/2022 17:28:23] INFO [logger_info:19] Welcome web application
[15/Nov/2022 17:28:24] INFO [logger_info:23] **** Home page title test passed ****
[15/Nov/2022 17:28:24] INFO [logger_info:33] ****Started Login Test****
[15/Nov/2022 17:28:28] INFO [logger_info:42] ****Started Login Test****
[15/Nov/2022 17:29:11] INFO [logger_info:17] *************** Test_001_Login *****************
[15/Nov/2022 17:29:11] INFO [logger_info:18] ****Started Home page title test ****
[15/Nov/2022 17:29:11] INFO [logger_info:19] Welcome web application
[15/Nov/2022 17:29:12] INFO [logger_info:23] **** Home page title test passed ****
[15/Nov/2022 17:29:12] INFO [logger_info:33] ****Started Login Test****
[15/Nov/2022 17:29:13] INFO [logger_info:42] ****Started Login Test****
[15/Nov/2022 17:55:53] INFO [logger_info:18] *************** Test_001_Login *****************
[15/Nov/2022 17:55:53] INFO [logger_info:19] ****Started Home page title test ****
[15/Nov/2022 17:55:53] INFO [logger_info:20] Welcome web application
[15/Nov/2022 17:55:55] INFO [logger_info:24] **** Home page title test passed ****
[15/Nov/2022 17:55:55] INFO [logger_info:34] ****Started Login Test****
[15/Nov/2022 18:00:06] INFO [logger_info:18] *************** Test_001_Login *****************
[15/Nov/2022 18:00:06] INFO [logger_info:19] ****Started Home page title test ****
[15/Nov/2022 18:00:06] INFO [logger_info:20] Welcome web application
[15/Nov/2022 18:00:07] INFO [logger_info:24] **** Home page title test passed ****
[15/Nov/2022 18:00:07] INFO [logger_info:34] ****Started Login Test****
